<?xml version="1.0" encoding="UTF-8"?>
<!-- Generated by org.testng.reporters.JUnitXMLReporter -->
<testsuite ignored="4" hostname="DESKTOP-66CQ6OQ" failures="0" tests="1" name="MyTest" time="10.875" errors="0" timestamp="2024-03-25T17:17:22 IST">
  <testcase classname="com.TestNGDemos.D05AmazonTest" name="ClickonMobile" time="3.494"/>
  <testcase classname="com.TestNGDemos.D05AmazonTest" name="ClickonTodaysDeal" time="0.0">
    <ignored/>
  </testcase> <!-- ClickonTodaysDeal -->
  <testcase classname="com.TestNGDemos.D05AmazonTest" name="ClickonElectronics" time="0.0">
    <ignored/>
  </testcase> <!-- ClickonElectronics -->
  <testcase classname="com.TestNGDemos.D05AmazonTest" name="ClickonBestSeller" time="0.0">
    <ignored/>
  </testcase> <!-- ClickonBestSeller -->
  <testcase classname="com.TestNGDemos.D05AmazonTest" name="ClickonGiftIdea" time="0.0">
    <ignored/>
  </testcase> <!-- ClickonGiftIdea -->
</testsuite> <!-- MyTest -->
