<?xml version="1.0" encoding="UTF-8"?>
<testng-results ignored="0" total="1" passed="1" failed="0" skipped="0">
  <reporter-output>
  </reporter-output>
  <suite started-at="2024-03-27T17:46:07 IST" name="Default suite" finished-at="2024-03-27T17:46:40 IST" duration-ms="32725">
    <groups>
    </groups>
    <test started-at="2024-03-27T17:46:07 IST" name="Default test" finished-at="2024-03-27T17:46:40 IST" duration-ms="32725">
      <class name="com.TestNGDemos.DO8KeywordDataDrivenTesting">
        <test-method is-config="true" signature="beforeTest()[pri:0, instance:com.TestNGDemos.DO8KeywordDataDrivenTesting@27ce24aa]" started-at="2024-03-27T17:46:07 IST" name="beforeTest" finished-at="2024-03-27T17:46:22 IST" duration-ms="15369" status="PASS">
          <reporter-output>
          </reporter-output>
        </test-method> <!-- beforeTest -->
        <test-method signature="login()[pri:0, instance:com.TestNGDemos.DO8KeywordDataDrivenTesting@27ce24aa]" started-at="2024-03-27T17:46:22 IST" name="login" finished-at="2024-03-27T17:46:39 IST" duration-ms="16708" status="PASS">
          <reporter-output>
          </reporter-output>
        </test-method> <!-- login -->
        <test-method is-config="true" signature="afterMethod()[pri:0, instance:com.TestNGDemos.DO8KeywordDataDrivenTesting@27ce24aa]" started-at="2024-03-27T17:46:39 IST" name="afterMethod" finished-at="2024-03-27T17:46:39 IST" duration-ms="122" status="PASS">
          <reporter-output>
          </reporter-output>
        </test-method> <!-- afterMethod -->
        <test-method is-config="true" signature="afterTest()[pri:0, instance:com.TestNGDemos.DO8KeywordDataDrivenTesting@27ce24aa]" started-at="2024-03-27T17:46:39 IST" name="afterTest" finished-at="2024-03-27T17:46:40 IST" duration-ms="425" status="PASS">
          <reporter-output>
          </reporter-output>
        </test-method> <!-- afterTest -->
      </class> <!-- com.TestNGDemos.DO8KeywordDataDrivenTesting -->
    </test> <!-- Default test -->
  </suite> <!-- Default suite -->
</testng-results>
